[10.435s] DEBUG:colcon:Command line arguments: ['/usr/bin/colcon', 'build']
[10.435s] DEBUG:colcon:Parsed command line arguments: Namespace(allow_overriding=[], ament_cmake_args=None, base_paths=['.'], build_base='build', catkin_cmake_args=None, catkin_skip_building_tests=False, cmake_args=None, cmake_clean_cache=False, cmake_clean_first=False, cmake_force_configure=False, cmake_target=None, cmake_target_skip_unavailable=False, continue_on_error=False, event_handlers=None, executor='parallel', ignore_user_meta=False, install_base='install', log_base=None, log_level=None, main=<bound method BuildVerb.main of <colcon_core.verb.build.BuildVerb object at 0x7fec71cb4c70>>, merge_install=False, metas=['./colcon.meta'], packages_above=None, packages_above_and_dependencies=None, packages_above_depth=None, packages_end=None, packages_ignore=None, packages_ignore_regex=None, packages_select=None, packages_select_build_failed=False, packages_select_by_dep=None, packages_select_regex=None, packages_select_test_failures=False, packages_skip=None, packages_skip_build_finished=False, packages_skip_by_dep=None, packages_skip_regex=None, packages_skip_test_passed=False, packages_skip_up_to=None, packages_start=None, packages_up_to=None, packages_up_to_regex=None, parallel_workers=4, paths=None, symlink_install=False, test_result_base=None, verb_extension=<colcon_core.verb.build.BuildVerb object at 0x7fec71cb4c70>, verb_name='build', verb_parser=<colcon_defaults.argument_parser.defaults.DefaultArgumentsDecorator object at 0x7fec71c63790>)
[10.936s] Level 1:colcon.colcon_core.package_discovery:discover_packages(colcon_meta) check parameters
[10.937s] Level 1:colcon.colcon_core.package_discovery:discover_packages(recursive) check parameters
[10.937s] Level 1:colcon.colcon_core.package_discovery:discover_packages(ignore) check parameters
[10.937s] Level 1:colcon.colcon_core.package_discovery:discover_packages(path) check parameters
[10.937s] Level 1:colcon.colcon_core.package_discovery:discover_packages(colcon_meta) discover
[10.937s] Level 1:colcon.colcon_core.package_discovery:discover_packages(recursive) discover
[10.938s] INFO:colcon.colcon_core.package_discovery:Crawling recursively for packages in '/home/turgay/ros2_ws/src/rover_robot'
[10.938s] Level 1:colcon.colcon_core.package_identification:_identify(.) by extensions ['ignore', 'ignore_ament_install']
[10.938s] Level 1:colcon.colcon_core.package_identification:_identify(.) by extension 'ignore'
[10.938s] Level 1:colcon.colcon_core.package_identification:_identify(.) by extension 'ignore_ament_install'
[10.938s] Level 1:colcon.colcon_core.package_identification:_identify(.) by extensions ['colcon_pkg']
[10.938s] Level 1:colcon.colcon_core.package_identification:_identify(.) by extension 'colcon_pkg'
[10.938s] Level 1:colcon.colcon_core.package_identification:_identify(.) by extensions ['colcon_meta']
[10.939s] Level 1:colcon.colcon_core.package_identification:_identify(.) by extension 'colcon_meta'
[10.939s] Level 1:colcon.colcon_core.package_identification:_identify(.) by extensions ['ros']
[10.939s] Level 1:colcon.colcon_core.package_identification:_identify(.) by extension 'ros'
[10.981s] DEBUG:colcon.colcon_core.package_identification:Package '.' with type 'ros.ament_python' and name 'rover_robot'
[10.981s] Level 1:colcon.colcon_core.package_discovery:discover_packages(recursive) using defaults
[10.981s] Level 1:colcon.colcon_core.package_discovery:discover_packages(ignore) discover
[10.981s] Level 1:colcon.colcon_core.package_discovery:discover_packages(ignore) using defaults
[10.981s] Level 1:colcon.colcon_core.package_discovery:discover_packages(path) discover
[10.982s] Level 1:colcon.colcon_core.package_discovery:discover_packages(path) using defaults
[11.916s] Level 1:colcon.colcon_core.package_discovery:discover_packages(prefix_path) check parameters
[11.916s] Level 1:colcon.colcon_core.package_discovery:discover_packages(prefix_path) discover
[12.299s] DEBUG:colcon.colcon_installed_package_information.package_discovery:Found 384 installed packages in /opt/ros/galactic
[12.310s] Level 1:colcon.colcon_core.package_discovery:discover_packages(prefix_path) using defaults
[13.115s] Level 5:colcon.colcon_core.verb:set package 'rover_robot' build argument 'cmake_args' from command line to 'None'
[13.115s] Level 5:colcon.colcon_core.verb:set package 'rover_robot' build argument 'cmake_target' from command line to 'None'
[13.115s] Level 5:colcon.colcon_core.verb:set package 'rover_robot' build argument 'cmake_target_skip_unavailable' from command line to 'False'
[13.115s] Level 5:colcon.colcon_core.verb:set package 'rover_robot' build argument 'cmake_clean_cache' from command line to 'False'
[13.115s] Level 5:colcon.colcon_core.verb:set package 'rover_robot' build argument 'cmake_clean_first' from command line to 'False'
[13.115s] Level 5:colcon.colcon_core.verb:set package 'rover_robot' build argument 'cmake_force_configure' from command line to 'False'
[13.115s] Level 5:colcon.colcon_core.verb:set package 'rover_robot' build argument 'ament_cmake_args' from command line to 'None'
[13.115s] Level 5:colcon.colcon_core.verb:set package 'rover_robot' build argument 'catkin_cmake_args' from command line to 'None'
[13.115s] Level 5:colcon.colcon_core.verb:set package 'rover_robot' build argument 'catkin_skip_building_tests' from command line to 'False'
[13.115s] DEBUG:colcon.colcon_core.verb:Building package 'rover_robot' with the following arguments: {'ament_cmake_args': None, 'build_base': '/home/turgay/ros2_ws/src/rover_robot/build/rover_robot', 'catkin_cmake_args': None, 'catkin_skip_building_tests': False, 'cmake_args': None, 'cmake_clean_cache': False, 'cmake_clean_first': False, 'cmake_force_configure': False, 'cmake_target': None, 'cmake_target_skip_unavailable': False, 'install_base': '/home/turgay/ros2_ws/src/rover_robot/install/rover_robot', 'merge_install': False, 'path': '/home/turgay/ros2_ws/src/rover_robot', 'symlink_install': False, 'test_result_base': None}
[13.307s] INFO:colcon.colcon_core.executor:Executing jobs using 'parallel' executor
[13.483s] DEBUG:colcon.colcon_parallel_executor.executor.parallel:run_until_complete
[13.485s] INFO:colcon.colcon_ros.task.ament_python.build:Building ROS package in '/home/turgay/ros2_ws/src/rover_robot' with build type 'ament_python'
[13.486s] Level 1:colcon.colcon_core.shell:create_environment_hook('rover_robot', 'ament_prefix_path')
[13.704s] INFO:colcon.colcon_core.plugin_system:Skipping extension 'colcon_core.shell.bat': Not used on non-Windows systems
[13.705s] INFO:colcon.colcon_core.shell:Creating environment hook '/home/turgay/ros2_ws/src/rover_robot/install/rover_robot/share/rover_robot/hook/ament_prefix_path.ps1'
[13.708s] INFO:colcon.colcon_core.shell:Creating environment descriptor '/home/turgay/ros2_ws/src/rover_robot/install/rover_robot/share/rover_robot/hook/ament_prefix_path.dsv'
[13.709s] INFO:colcon.colcon_core.shell:Creating environment hook '/home/turgay/ros2_ws/src/rover_robot/install/rover_robot/share/rover_robot/hook/ament_prefix_path.sh'
[13.903s] INFO:colcon.colcon_core.shell:Skip shell extension 'powershell' for command environment: Not usable outside of PowerShell
[13.903s] DEBUG:colcon.colcon_core.shell:Skip shell extension 'dsv' for command environment
[15.079s] INFO:colcon.colcon_core.task.python.build:Building Python package in '/home/turgay/ros2_ws/src/rover_robot'
[15.253s] INFO:colcon.colcon_core.shell:Skip shell extension 'powershell' for command environment: Not usable outside of PowerShell
[15.254s] DEBUG:colcon.colcon_core.shell:Skip shell extension 'dsv' for command environment
[16.957s] DEBUG:colcon.colcon_core.event_handler.log_command:Invoking command in '/home/turgay/ros2_ws/src/rover_robot': PYTHONPATH=/home/turgay/ros2_ws/src/rover_robot/build/rover_robot/prefix_override:/home/turgay/ros2_ws/src/rover_robot/install/rover_robot/lib/python3.8/site-packages:${PYTHONPATH} /usr/bin/python3 setup.py egg_info --egg-base build/rover_robot build --build-base /home/turgay/ros2_ws/src/rover_robot/build/rover_robot/build install --record /home/turgay/ros2_ws/src/rover_robot/build/rover_robot/install.log --single-version-externally-managed
[18.080s] DEBUG:colcon.colcon_core.event_handler.log_command:Invoked command in '/home/turgay/ros2_ws/src/rover_robot' returned '0': PYTHONPATH=/home/turgay/ros2_ws/src/rover_robot/build/rover_robot/prefix_override:/home/turgay/ros2_ws/src/rover_robot/install/rover_robot/lib/python3.8/site-packages:${PYTHONPATH} /usr/bin/python3 setup.py egg_info --egg-base build/rover_robot build --build-base /home/turgay/ros2_ws/src/rover_robot/build/rover_robot/build install --record /home/turgay/ros2_ws/src/rover_robot/build/rover_robot/install.log --single-version-externally-managed
[18.283s] Level 1:colcon.colcon_core.environment:checking '/home/turgay/ros2_ws/src/rover_robot/install/rover_robot' for CMake module files
[18.285s] Level 1:colcon.colcon_core.environment:checking '/home/turgay/ros2_ws/src/rover_robot/install/rover_robot' for CMake config files
[18.290s] Level 1:colcon.colcon_core.environment:checking '/home/turgay/ros2_ws/src/rover_robot/install/rover_robot/lib'
[18.291s] Level 1:colcon.colcon_core.environment:checking '/home/turgay/ros2_ws/src/rover_robot/install/rover_robot/bin'
[18.292s] Level 1:colcon.colcon_core.environment:checking '/home/turgay/ros2_ws/src/rover_robot/install/rover_robot/lib/pkgconfig/rover_robot.pc'
[18.293s] Level 1:colcon.colcon_core.environment:checking '/home/turgay/ros2_ws/src/rover_robot/install/rover_robot/lib/python3.8/site-packages'
[18.293s] Level 1:colcon.colcon_core.shell:create_environment_hook('rover_robot', 'pythonpath')
[18.523s] INFO:colcon.colcon_core.shell:Creating environment hook '/home/turgay/ros2_ws/src/rover_robot/install/rover_robot/share/rover_robot/hook/pythonpath.ps1'
[18.524s] INFO:colcon.colcon_core.shell:Creating environment descriptor '/home/turgay/ros2_ws/src/rover_robot/install/rover_robot/share/rover_robot/hook/pythonpath.dsv'
[18.525s] INFO:colcon.colcon_core.shell:Creating environment hook '/home/turgay/ros2_ws/src/rover_robot/install/rover_robot/share/rover_robot/hook/pythonpath.sh'
[18.527s] Level 1:colcon.colcon_core.environment:checking '/home/turgay/ros2_ws/src/rover_robot/install/rover_robot/bin'
[18.527s] Level 1:colcon.colcon_core.environment:create_environment_scripts_only(rover_robot)
[18.736s] INFO:colcon.colcon_core.shell:Creating package script '/home/turgay/ros2_ws/src/rover_robot/install/rover_robot/share/rover_robot/package.ps1'
[18.742s] INFO:colcon.colcon_core.shell:Creating package descriptor '/home/turgay/ros2_ws/src/rover_robot/install/rover_robot/share/rover_robot/package.dsv'
[18.747s] INFO:colcon.colcon_core.shell:Creating package script '/home/turgay/ros2_ws/src/rover_robot/install/rover_robot/share/rover_robot/package.sh'
[18.765s] INFO:colcon.colcon_core.shell:Creating package script '/home/turgay/ros2_ws/src/rover_robot/install/rover_robot/share/rover_robot/package.bash'
[18.768s] INFO:colcon.colcon_core.shell:Creating package script '/home/turgay/ros2_ws/src/rover_robot/install/rover_robot/share/rover_robot/package.zsh'
[18.771s] Level 1:colcon.colcon_core.environment:create_file_with_runtime_dependencies(/home/turgay/ros2_ws/src/rover_robot/install/rover_robot/share/colcon-core/packages/rover_robot)
[18.773s] DEBUG:colcon.colcon_parallel_executor.executor.parallel:closing loop
[18.773s] DEBUG:colcon.colcon_parallel_executor.executor.parallel:loop closed
[18.774s] DEBUG:colcon.colcon_parallel_executor.executor.parallel:run_until_complete finished with '0'
[18.774s] DEBUG:colcon.colcon_core.event_reactor:joining thread
[18.976s] INFO:colcon.colcon_core.plugin_system:Skipping extension 'colcon_notification.desktop_notification.terminal_notifier': Not used on non-Darwin systems
[18.977s] INFO:colcon.colcon_core.plugin_system:Skipping extension 'colcon_notification.desktop_notification.win32': Not used on non-Windows systems
[18.977s] INFO:colcon.colcon_notification.desktop_notification:Sending desktop notification using 'notify2'
[19.353s] DEBUG:colcon.colcon_core.event_reactor:joined thread
[19.534s] INFO:colcon.colcon_core.shell:Creating prefix script '/home/turgay/ros2_ws/src/rover_robot/install/local_setup.ps1'
[19.537s] INFO:colcon.colcon_core.shell:Creating prefix util module '/home/turgay/ros2_ws/src/rover_robot/install/_local_setup_util_ps1.py'
[19.541s] INFO:colcon.colcon_core.shell:Creating prefix chain script '/home/turgay/ros2_ws/src/rover_robot/install/setup.ps1'
[19.734s] INFO:colcon.colcon_core.shell:Creating prefix script '/home/turgay/ros2_ws/src/rover_robot/install/local_setup.sh'
[19.737s] INFO:colcon.colcon_core.shell:Creating prefix util module '/home/turgay/ros2_ws/src/rover_robot/install/_local_setup_util_sh.py'
[19.739s] INFO:colcon.colcon_core.shell:Creating prefix chain script '/home/turgay/ros2_ws/src/rover_robot/install/setup.sh'
[19.940s] INFO:colcon.colcon_core.shell:Creating prefix script '/home/turgay/ros2_ws/src/rover_robot/install/local_setup.bash'
[19.942s] INFO:colcon.colcon_core.shell:Creating prefix chain script '/home/turgay/ros2_ws/src/rover_robot/install/setup.bash'
[20.133s] INFO:colcon.colcon_core.shell:Creating prefix script '/home/turgay/ros2_ws/src/rover_robot/install/local_setup.zsh'
[20.134s] INFO:colcon.colcon_core.shell:Creating prefix chain script '/home/turgay/ros2_ws/src/rover_robot/install/setup.zsh'
