[14.064s] DEBUG:colcon:Command line arguments: ['/usr/bin/colcon', 'build']
[14.065s] DEBUG:colcon:Parsed command line arguments: Namespace(allow_overriding=[], ament_cmake_args=None, base_paths=['.'], build_base='build', catkin_cmake_args=None, catkin_skip_building_tests=False, cmake_args=None, cmake_clean_cache=False, cmake_clean_first=False, cmake_force_configure=False, cmake_target=None, cmake_target_skip_unavailable=False, continue_on_error=False, event_handlers=None, executor='parallel', ignore_user_meta=False, install_base='install', log_base=None, log_level=None, main=<bound method BuildVerb.main of <colcon_core.verb.build.BuildVerb object at 0x7f32ea5df400>>, merge_install=False, metas=['./colcon.meta'], packages_above=None, packages_above_and_dependencies=None, packages_above_depth=None, packages_end=None, packages_ignore=None, packages_ignore_regex=None, packages_select=None, packages_select_build_failed=False, packages_select_by_dep=None, packages_select_regex=None, packages_select_test_failures=False, packages_skip=None, packages_skip_build_finished=False, packages_skip_by_dep=None, packages_skip_regex=None, packages_skip_test_passed=False, packages_skip_up_to=None, packages_start=None, packages_up_to=None, packages_up_to_regex=None, parallel_workers=4, paths=None, symlink_install=False, test_result_base=None, verb_extension=<colcon_core.verb.build.BuildVerb object at 0x7f32ea5df400>, verb_name='build', verb_parser=<colcon_defaults.argument_parser.defaults.DefaultArgumentsDecorator object at 0x7f32ea1d5e50>)
[14.742s] Level 1:colcon.colcon_core.package_discovery:discover_packages(colcon_meta) check parameters
[14.743s] Level 1:colcon.colcon_core.package_discovery:discover_packages(recursive) check parameters
[14.743s] Level 1:colcon.colcon_core.package_discovery:discover_packages(ignore) check parameters
[14.744s] Level 1:colcon.colcon_core.package_discovery:discover_packages(path) check parameters
[14.744s] Level 1:colcon.colcon_core.package_discovery:discover_packages(colcon_meta) discover
[14.744s] Level 1:colcon.colcon_core.package_discovery:discover_packages(recursive) discover
[14.744s] INFO:colcon.colcon_core.package_discovery:Crawling recursively for packages in '/home/turgay/ros2_ws/src/rover_robot'
[14.744s] Level 1:colcon.colcon_core.package_identification:_identify(.) by extensions ['ignore', 'ignore_ament_install']
[14.745s] Level 1:colcon.colcon_core.package_identification:_identify(.) by extension 'ignore'
[14.745s] Level 1:colcon.colcon_core.package_identification:_identify(.) by extension 'ignore_ament_install'
[14.745s] Level 1:colcon.colcon_core.package_identification:_identify(.) by extensions ['colcon_pkg']
[14.745s] Level 1:colcon.colcon_core.package_identification:_identify(.) by extension 'colcon_pkg'
[14.746s] Level 1:colcon.colcon_core.package_identification:_identify(.) by extensions ['colcon_meta']
[14.746s] Level 1:colcon.colcon_core.package_identification:_identify(.) by extension 'colcon_meta'
[14.746s] Level 1:colcon.colcon_core.package_identification:_identify(.) by extensions ['ros']
[14.746s] Level 1:colcon.colcon_core.package_identification:_identify(.) by extension 'ros'
[14.831s] DEBUG:colcon.colcon_core.package_identification:Package '.' with type 'ros.ament_python' and name 'rover_robot'
[14.832s] Level 1:colcon.colcon_core.package_discovery:discover_packages(recursive) using defaults
[14.833s] Level 1:colcon.colcon_core.package_discovery:discover_packages(ignore) discover
[14.833s] Level 1:colcon.colcon_core.package_discovery:discover_packages(ignore) using defaults
[14.834s] Level 1:colcon.colcon_core.package_discovery:discover_packages(path) discover
[14.835s] Level 1:colcon.colcon_core.package_discovery:discover_packages(path) using defaults
[16.354s] Level 1:colcon.colcon_core.package_discovery:discover_packages(prefix_path) check parameters
[16.355s] Level 1:colcon.colcon_core.package_discovery:discover_packages(prefix_path) discover
[16.883s] DEBUG:colcon.colcon_installed_package_information.package_discovery:Found 384 installed packages in /opt/ros/galactic
[16.894s] Level 1:colcon.colcon_core.package_discovery:discover_packages(prefix_path) using defaults
[17.964s] Level 5:colcon.colcon_core.verb:set package 'rover_robot' build argument 'cmake_args' from command line to 'None'
[17.965s] Level 5:colcon.colcon_core.verb:set package 'rover_robot' build argument 'cmake_target' from command line to 'None'
[17.965s] Level 5:colcon.colcon_core.verb:set package 'rover_robot' build argument 'cmake_target_skip_unavailable' from command line to 'False'
[17.965s] Level 5:colcon.colcon_core.verb:set package 'rover_robot' build argument 'cmake_clean_cache' from command line to 'False'
[17.965s] Level 5:colcon.colcon_core.verb:set package 'rover_robot' build argument 'cmake_clean_first' from command line to 'False'
[17.965s] Level 5:colcon.colcon_core.verb:set package 'rover_robot' build argument 'cmake_force_configure' from command line to 'False'
[17.965s] Level 5:colcon.colcon_core.verb:set package 'rover_robot' build argument 'ament_cmake_args' from command line to 'None'
[17.965s] Level 5:colcon.colcon_core.verb:set package 'rover_robot' build argument 'catkin_cmake_args' from command line to 'None'
[17.965s] Level 5:colcon.colcon_core.verb:set package 'rover_robot' build argument 'catkin_skip_building_tests' from command line to 'False'
[17.965s] DEBUG:colcon.colcon_core.verb:Building package 'rover_robot' with the following arguments: {'ament_cmake_args': None, 'build_base': '/home/turgay/ros2_ws/src/rover_robot/build/rover_robot', 'catkin_cmake_args': None, 'catkin_skip_building_tests': False, 'cmake_args': None, 'cmake_clean_cache': False, 'cmake_clean_first': False, 'cmake_force_configure': False, 'cmake_target': None, 'cmake_target_skip_unavailable': False, 'install_base': '/home/turgay/ros2_ws/src/rover_robot/install/rover_robot', 'merge_install': False, 'path': '/home/turgay/ros2_ws/src/rover_robot', 'symlink_install': False, 'test_result_base': None}
[18.203s] INFO:colcon.colcon_core.executor:Executing jobs using 'parallel' executor
[18.548s] DEBUG:colcon.colcon_parallel_executor.executor.parallel:run_until_complete
[18.550s] INFO:colcon.colcon_ros.task.ament_python.build:Building ROS package in '/home/turgay/ros2_ws/src/rover_robot' with build type 'ament_python'
[18.550s] Level 1:colcon.colcon_core.shell:create_environment_hook('rover_robot', 'ament_prefix_path')
[18.905s] INFO:colcon.colcon_core.plugin_system:Skipping extension 'colcon_core.shell.bat': Not used on non-Windows systems
[18.907s] INFO:colcon.colcon_core.shell:Creating environment hook '/home/turgay/ros2_ws/src/rover_robot/install/rover_robot/share/rover_robot/hook/ament_prefix_path.ps1'
[18.911s] INFO:colcon.colcon_core.shell:Creating environment descriptor '/home/turgay/ros2_ws/src/rover_robot/install/rover_robot/share/rover_robot/hook/ament_prefix_path.dsv'
[18.913s] INFO:colcon.colcon_core.shell:Creating environment hook '/home/turgay/ros2_ws/src/rover_robot/install/rover_robot/share/rover_robot/hook/ament_prefix_path.sh'
[19.216s] INFO:colcon.colcon_core.shell:Skip shell extension 'powershell' for command environment: Not usable outside of PowerShell
[19.216s] DEBUG:colcon.colcon_core.shell:Skip shell extension 'dsv' for command environment
[20.791s] INFO:colcon.colcon_core.task.python.build:Building Python package in '/home/turgay/ros2_ws/src/rover_robot'
[21.069s] INFO:colcon.colcon_core.shell:Skip shell extension 'powershell' for command environment: Not usable outside of PowerShell
[21.069s] DEBUG:colcon.colcon_core.shell:Skip shell extension 'dsv' for command environment
[23.612s] DEBUG:colcon.colcon_core.event_handler.log_command:Invoking command in '/home/turgay/ros2_ws/src/rover_robot': PYTHONPATH=/home/turgay/ros2_ws/src/rover_robot/build/rover_robot/prefix_override:/home/turgay/ros2_ws/src/rover_robot/install/rover_robot/lib/python3.8/site-packages:${PYTHONPATH} /usr/bin/python3 setup.py egg_info --egg-base build/rover_robot build --build-base /home/turgay/ros2_ws/src/rover_robot/build/rover_robot/build install --record /home/turgay/ros2_ws/src/rover_robot/build/rover_robot/install.log --single-version-externally-managed
[24.738s] DEBUG:colcon.colcon_core.event_handler.log_command:Invoked command in '/home/turgay/ros2_ws/src/rover_robot' returned '1': PYTHONPATH=/home/turgay/ros2_ws/src/rover_robot/build/rover_robot/prefix_override:/home/turgay/ros2_ws/src/rover_robot/install/rover_robot/lib/python3.8/site-packages:${PYTHONPATH} /usr/bin/python3 setup.py egg_info --egg-base build/rover_robot build --build-base /home/turgay/ros2_ws/src/rover_robot/build/rover_robot/build install --record /home/turgay/ros2_ws/src/rover_robot/build/rover_robot/install.log --single-version-externally-managed
[24.747s] DEBUG:colcon.colcon_parallel_executor.executor.parallel:closing loop
[24.748s] DEBUG:colcon.colcon_parallel_executor.executor.parallel:loop closed
[24.748s] DEBUG:colcon.colcon_parallel_executor.executor.parallel:run_until_complete finished with '1'
[24.748s] DEBUG:colcon.colcon_core.event_reactor:joining thread
[25.014s] INFO:colcon.colcon_core.plugin_system:Skipping extension 'colcon_notification.desktop_notification.terminal_notifier': Not used on non-Darwin systems
[25.015s] INFO:colcon.colcon_core.plugin_system:Skipping extension 'colcon_notification.desktop_notification.win32': Not used on non-Windows systems
[25.015s] INFO:colcon.colcon_notification.desktop_notification:Sending desktop notification using 'notify2'
[25.620s] DEBUG:colcon.colcon_core.event_reactor:joined thread
[25.843s] INFO:colcon.colcon_core.shell:Creating prefix script '/home/turgay/ros2_ws/src/rover_robot/install/local_setup.ps1'
[25.847s] INFO:colcon.colcon_core.shell:Creating prefix util module '/home/turgay/ros2_ws/src/rover_robot/install/_local_setup_util_ps1.py'
[25.853s] INFO:colcon.colcon_core.shell:Creating prefix chain script '/home/turgay/ros2_ws/src/rover_robot/install/setup.ps1'
[26.046s] INFO:colcon.colcon_core.shell:Creating prefix script '/home/turgay/ros2_ws/src/rover_robot/install/local_setup.sh'
[26.049s] INFO:colcon.colcon_core.shell:Creating prefix util module '/home/turgay/ros2_ws/src/rover_robot/install/_local_setup_util_sh.py'
[26.051s] INFO:colcon.colcon_core.shell:Creating prefix chain script '/home/turgay/ros2_ws/src/rover_robot/install/setup.sh'
[26.239s] INFO:colcon.colcon_core.shell:Creating prefix script '/home/turgay/ros2_ws/src/rover_robot/install/local_setup.bash'
[26.241s] INFO:colcon.colcon_core.shell:Creating prefix chain script '/home/turgay/ros2_ws/src/rover_robot/install/setup.bash'
[26.467s] INFO:colcon.colcon_core.shell:Creating prefix script '/home/turgay/ros2_ws/src/rover_robot/install/local_setup.zsh'
[26.469s] INFO:colcon.colcon_core.shell:Creating prefix chain script '/home/turgay/ros2_ws/src/rover_robot/install/setup.zsh'
