[3.471s] Invoking command in '/home/turgay/ros2_ws/src/rover_robot': PYTHONPATH=/home/turgay/ros2_ws/src/rover_robot/build/rover_robot/prefix_override:/home/turgay/ros2_ws/src/rover_robot/install/rover_robot/lib/python3.8/site-packages:${PYTHONPATH} /usr/bin/python3 setup.py egg_info --egg-base build/rover_robot build --build-base /home/turgay/ros2_ws/src/rover_robot/build/rover_robot/build install --record /home/turgay/ros2_ws/src/rover_robot/build/rover_robot/install.log --single-version-externally-managed
[4.293s] running egg_info
[4.295s] writing build/rover_robot/rover_robot.egg-info/PKG-INFO
[4.296s] writing dependency_links to build/rover_robot/rover_robot.egg-info/dependency_links.txt
[4.298s] writing entry points to build/rover_robot/rover_robot.egg-info/entry_points.txt
[4.298s] writing requirements to build/rover_robot/rover_robot.egg-info/requires.txt
[4.299s] writing top-level names to build/rover_robot/rover_robot.egg-info/top_level.txt
[4.443s] reading manifest file 'build/rover_robot/rover_robot.egg-info/SOURCES.txt'
[4.447s] writing manifest file 'build/rover_robot/rover_robot.egg-info/SOURCES.txt'
[4.448s] running build
[4.448s] running build_py
[4.448s] creating /home/turgay/ros2_ws/src/rover_robot/build/rover_robot/build
[4.448s] creating /home/turgay/ros2_ws/src/rover_robot/build/rover_robot/build/lib
[4.449s] creating /home/turgay/ros2_ws/src/rover_robot/build/rover_robot/build/lib/rover_robot
[4.450s] copying rover_robot/static_robot_tf2_broadcaster.py -> /home/turgay/ros2_ws/src/rover_robot/build/rover_robot/build/lib/rover_robot
[4.451s] copying rover_robot/__init__.py -> /home/turgay/ros2_ws/src/rover_robot/build/rover_robot/build/lib/rover_robot
[4.451s] running install
[4.451s] running install_lib
[4.453s] creating /home/turgay/ros2_ws/src/rover_robot/install/rover_robot/lib/python3.8/site-packages/rover_robot
[4.454s] copying /home/turgay/ros2_ws/src/rover_robot/build/rover_robot/build/lib/rover_robot/static_robot_tf2_broadcaster.py -> /home/turgay/ros2_ws/src/rover_robot/install/rover_robot/lib/python3.8/site-packages/rover_robot
[4.455s] copying /home/turgay/ros2_ws/src/rover_robot/build/rover_robot/build/lib/rover_robot/__init__.py -> /home/turgay/ros2_ws/src/rover_robot/install/rover_robot/lib/python3.8/site-packages/rover_robot
[4.455s] byte-compiling /home/turgay/ros2_ws/src/rover_robot/install/rover_robot/lib/python3.8/site-packages/rover_robot/static_robot_tf2_broadcaster.py to static_robot_tf2_broadcaster.cpython-38.pyc
[4.460s] byte-compiling /home/turgay/ros2_ws/src/rover_robot/install/rover_robot/lib/python3.8/site-packages/rover_robot/__init__.py to __init__.cpython-38.pyc
[4.461s] running install_data
[4.462s] creating /home/turgay/ros2_ws/src/rover_robot/install/rover_robot/share/ament_index
[4.463s] creating /home/turgay/ros2_ws/src/rover_robot/install/rover_robot/share/ament_index/resource_index
[4.463s] creating /home/turgay/ros2_ws/src/rover_robot/install/rover_robot/share/ament_index/resource_index/packages
[4.463s] copying resource/rover_robot -> /home/turgay/ros2_ws/src/rover_robot/install/rover_robot/share/ament_index/resource_index/packages
[4.463s] copying package.xml -> /home/turgay/ros2_ws/src/rover_robot/install/rover_robot/share/rover_robot
[4.466s] running install_egg_info
[4.470s] Copying build/rover_robot/rover_robot.egg-info to /home/turgay/ros2_ws/src/rover_robot/install/rover_robot/lib/python3.8/site-packages/rover_robot-0.0.1-py3.8.egg-info
[4.472s] running install_scripts
[4.527s] Installing static_robot_tf2_broadcaster script to /home/turgay/ros2_ws/src/rover_robot/install/rover_robot/lib/robot
[4.528s] writing list of installed files to '/home/turgay/ros2_ws/src/rover_robot/build/rover_robot/install.log'
[4.594s] Invoked command in '/home/turgay/ros2_ws/src/rover_robot' returned '0': PYTHONPATH=/home/turgay/ros2_ws/src/rover_robot/build/rover_robot/prefix_override:/home/turgay/ros2_ws/src/rover_robot/install/rover_robot/lib/python3.8/site-packages:${PYTHONPATH} /usr/bin/python3 setup.py egg_info --egg-base build/rover_robot build --build-base /home/turgay/ros2_ws/src/rover_robot/build/rover_robot/build install --record /home/turgay/ros2_ws/src/rover_robot/build/rover_robot/install.log --single-version-externally-managed
